2016/08/31 09:52:06 [INFO] server started at 3002
D:/GOPATH/src/logd_web/main.go:40
2016/08/31 10:15:28 [INFO] server started at 3002
D:/GOPATH/src/logd_web/main.go:40
2016/08/31 10:16:29 [INFO] start
D:/GOPATH/src/logd_web/app/service/logquery/logquery.go:19
2016/08/31 10:16:29 [INFO] []
D:/GOPATH/src/logd_web/app/service/logquery/logquery.go:34
2016/08/31 10:16:49 [INFO] server started at 3002
D:/GOPATH/src/logd_web/main.go:40
2016/08/31 10:17:03 [INFO] start
D:/GOPATH/src/logd_web/app/service/logquery/logquery.go:19
2016/08/31 10:21:07 [INFO] server started at 3002
D:/GOPATH/src/logd_web/main.go:40
2016/08/31 10:22:35 [INFO] start
D:/GOPATH/src/logd_web/app/service/logquery/logquery.go:19
2016/08/31 10:23:26 [INFO] server started at 3002
D:/GOPATH/src/logd_web/main.go:40
2016/08/31 10:26:13 [INFO] start
D:/GOPATH/src/logd_web/app/service/logquery/logquery.go:21
2016/08/31 10:27:08 [INFO] server started at 3002
D:/GOPATH/src/logd_web/main.go:40
2016/08/31 10:27:15 [INFO] start
D:/GOPATH/src/logd_web/app/service/logquery/logquery.go:21
2016/08/31 10:28:57 [INFO] server started at 3002
D:/GOPATH/src/logd_web/main.go:40
2016/08/31 10:29:45 [INFO] start
D:/GOPATH/src/logd_web/app/service/logquery/logquery.go:21
2016/08/31 10:32:54 [INFO] server started at 3002
D:/GOPATH/src/logd_web/main.go:40
2016/08/31 10:33:06 [INFO] start
D:/GOPATH/src/logd_web/app/service/logquery/logquery.go:22
2016/08/31 10:33:33 [INFO] server started at 3002
D:/GOPATH/src/logd_web/main.go:40
2016/08/31 10:34:13 [INFO] start
D:/GOPATH/src/logd_web/app/service/logquery/logquery.go:21
2016/08/31 10:35:13 [INFO] server started at 3002
D:/GOPATH/src/logd_web/main.go:40
2016/08/31 10:35:22 [INFO] start
D:/GOPATH/src/logd_web/app/service/logquery/logquery.go:21
2016/08/31 10:36:08 [INFO] server started at 3002
D:/GOPATH/src/logd_web/main.go:40
2016/08/31 10:36:20 [INFO] start
D:/GOPATH/src/logd_web/app/service/logquery/logquery.go:21
2016/08/31 10:37:40 [INFO] server started at 3002
D:/GOPATH/src/logd_web/main.go:40
2016/08/31 10:37:47 [INFO] start
D:/GOPATH/src/logd_web/app/service/logquery/logquery.go:21
2016/08/31 10:37:47 [INFO] [map[_id:ObjectIdHex("57c3e540d3376e534e10d15e") log:2016-08-29 15:30:21.568 INFO  start4 ctime:1472484621 day:20160829 hour:15] map[log:2016-08-29 15:30:20.568 INFO  start3 _id:ObjectIdHex("57c3e540d3376e534e10d15d") ctime:1472484620 day:20160829 hour:15] map[_id:ObjectIdHex("57c3e53fd3376e534e10d15c") ctime:1472484020 day:20160829 hour:15 log:2016-08-29 15:20:20.568 INFO  start2] map[_id:ObjectIdHex("57c3e53fd3376e534e10d15b") ctime:1472483420 day:20160829 hour:15 log:2016-08-29 15:10:20.568 INFO  start]]
D:/GOPATH/src/logd_web/app/service/logquery/logquery.go:36
2016/08/31 10:39:31 [INFO] server started at 3002
D:/GOPATH/src/logd_web/main.go:40
2016/08/31 10:39:58 [INFO] start
D:/GOPATH/src/logd_web/app/service/logquery/logquery.go:21
2016/08/31 10:39:58 [INFO] [map[_id:ObjectIdHex("57c3e540d3376e534e10d15e") log:2016-08-29 15:30:21.568 INFO  start4 ctime:1472484621 day:20160829 hour:15] map[log:2016-08-29 15:30:20.568 INFO  start3 _id:ObjectIdHex("57c3e540d3376e534e10d15d") ctime:1472484620 day:20160829 hour:15] map[_id:ObjectIdHex("57c3e53fd3376e534e10d15c") ctime:1472484020 day:20160829 hour:15 log:2016-08-29 15:20:20.568 INFO  start2] map[ctime:1472483420 day:20160829 hour:15 log:2016-08-29 15:10:20.568 INFO  start _id:ObjectIdHex("57c3e53fd3376e534e10d15b")]]
D:/GOPATH/src/logd_web/app/service/logquery/logquery.go:36
2016/08/31 13:41:29 [INFO] server started at 3002
D:/GOPATH/src/logd_web/main.go:40
2016/08/31 13:41:47 [INFO] start
D:/GOPATH/src/logd_web/app/service/logquery/logquery.go:21
2016/08/31 13:41:47 [INFO] [map[_id:ObjectIdHex("57c3e540d3376e534e10d15e") log:2016-08-29 15:30:21.568 INFO  start4 ctime:1472484621 day:20160829 hour:15] map[ctime:1472484620 day:20160829 hour:15 log:2016-08-29 15:30:20.568 INFO  start3 _id:ObjectIdHex("57c3e540d3376e534e10d15d")] map[day:20160829 hour:15 log:2016-08-29 15:20:20.568 INFO  start2 _id:ObjectIdHex("57c3e53fd3376e534e10d15c") ctime:1472484020] map[hour:15 log:2016-08-29 15:10:20.568 INFO  start _id:ObjectIdHex("57c3e53fd3376e534e10d15b") ctime:1472483420 day:20160829]]
D:/GOPATH/src/logd_web/app/service/logquery/logquery.go:36
2016/08/31 13:42:03 [INFO] start
D:/GOPATH/src/logd_web/app/service/logquery/logquery.go:21
2016/08/31 13:42:03 [INFO] [map[_id:ObjectIdHex("57c3e540d3376e534e10d15e") log:2016-08-29 15:30:21.568 INFO  start4 ctime:1472484621 day:20160829 hour:15] map[_id:ObjectIdHex("57c3e540d3376e534e10d15d") ctime:1472484620 day:20160829 hour:15 log:2016-08-29 15:30:20.568 INFO  start3] map[_id:ObjectIdHex("57c3e53fd3376e534e10d15c") ctime:1472484020 day:20160829 hour:15 log:2016-08-29 15:20:20.568 INFO  start2] map[day:20160829 hour:15 log:2016-08-29 15:10:20.568 INFO  start _id:ObjectIdHex("57c3e53fd3376e534e10d15b") ctime:1472483420]]
D:/GOPATH/src/logd_web/app/service/logquery/logquery.go:36
2016/08/31 13:42:29 [INFO] start
D:/GOPATH/src/logd_web/app/service/logquery/logquery.go:21
2016/08/31 13:42:29 [INFO] [map[_id:ObjectIdHex("57c3e540d3376e534e10d15e") log:2016-08-29 15:30:21.568 INFO  start4 ctime:1472484621 day:20160829 hour:15]]
D:/GOPATH/src/logd_web/app/service/logquery/logquery.go:36
2016/08/31 13:42:45 [INFO] start
D:/GOPATH/src/logd_web/app/service/logquery/logquery.go:21
2016/08/31 13:42:45 [INFO] [map[ctime:1472484621 day:20160829 hour:15 _id:ObjectIdHex("57c3e540d3376e534e10d15e") log:2016-08-29 15:30:21.568 INFO  start4] map[log:2016-08-29 15:30:20.568 INFO  start3 _id:ObjectIdHex("57c3e540d3376e534e10d15d") ctime:1472484620 day:20160829 hour:15] map[_id:ObjectIdHex("57c3e53fd3376e534e10d15c") ctime:1472484020 day:20160829 hour:15 log:2016-08-29 15:20:20.568 INFO  start2] map[_id:ObjectIdHex("57c3e53fd3376e534e10d15b") ctime:1472483420 day:20160829 hour:15 log:2016-08-29 15:10:20.568 INFO  start]]
D:/GOPATH/src/logd_web/app/service/logquery/logquery.go:36
2016/08/31 13:42:52 [INFO] start
D:/GOPATH/src/logd_web/app/service/logquery/logquery.go:21
2016/08/31 13:42:52 [INFO] [map[_id:ObjectIdHex("57c3e540d3376e534e10d15e") log:2016-08-29 15:30:21.568 INFO  start4 ctime:1472484621 day:20160829 hour:15] map[_id:ObjectIdHex("57c3e540d3376e534e10d15d") ctime:1472484620 day:20160829 hour:15 log:2016-08-29 15:30:20.568 INFO  start3] map[_id:ObjectIdHex("57c3e53fd3376e534e10d15c") ctime:1472484020 day:20160829 hour:15 log:2016-08-29 15:20:20.568 INFO  start2] map[day:20160829 hour:15 log:2016-08-29 15:10:20.568 INFO  start _id:ObjectIdHex("57c3e53fd3376e534e10d15b") ctime:1472483420]]
D:/GOPATH/src/logd_web/app/service/logquery/logquery.go:36
2016/08/31 13:46:25 [INFO] server started at 3002
D:/GOPATH/src/logd_web/main.go:40
2016/08/31 13:46:30 [INFO] start
D:/GOPATH/src/logd_web/app/service/logquery/logquery.go:21
2016/08/31 13:55:11 [INFO] start
D:/GOPATH/src/logd_web/app/service/logquery/logquery.go:21
2016/08/31 13:56:34 [INFO] server started at 3002
D:/GOPATH/src/logd_web/main.go:40
2016/08/31 13:56:48 [INFO] start
D:/GOPATH/src/logd_web/app/service/logquery/logquery.go:21
2016/08/31 13:56:48 [INFO] [map[ctime:1472484621 day:20160829 hour:15 _id:ObjectIdHex("57c3e540d3376e534e10d15e") log:2016-08-29 15:30:21.568 INFO  start4]]
D:/GOPATH/src/logd_web/app/service/logquery/logquery.go:36
2016/08/31 13:56:55 [INFO] start
D:/GOPATH/src/logd_web/app/service/logquery/logquery.go:21
2016/08/31 13:56:55 [INFO] [map[log:2016-08-29 15:20:20.568 INFO  start2 _id:ObjectIdHex("57c3e53fd3376e534e10d15c") ctime:1472484020 day:20160829 hour:15]]
D:/GOPATH/src/logd_web/app/service/logquery/logquery.go:36
2016/08/31 13:57:07 [INFO] start
D:/GOPATH/src/logd_web/app/service/logquery/logquery.go:21
2016/08/31 13:57:07 [INFO] [map[hour:15 _id:ObjectIdHex("57c3e540d3376e534e10d15e") log:2016-08-29 15:30:21.568 INFO  start4 ctime:1472484621 day:20160829] map[_id:ObjectIdHex("57c3e53fd3376e534e10d15c") ctime:1472484020 day:20160829 hour:15 log:2016-08-29 15:20:20.568 INFO  start2]]
D:/GOPATH/src/logd_web/app/service/logquery/logquery.go:36
2016/08/31 13:57:30 [INFO] start
D:/GOPATH/src/logd_web/app/service/logquery/logquery.go:21
2016/08/31 13:57:30 [INFO] [map[log:2016-08-29 15:30:21.568 INFO  start4 ctime:1472484621 day:20160829 hour:15 _id:ObjectIdHex("57c3e540d3376e534e10d15e")]]
D:/GOPATH/src/logd_web/app/service/logquery/logquery.go:36
2016/08/31 13:57:44 [INFO] start
D:/GOPATH/src/logd_web/app/service/logquery/logquery.go:21
2016/08/31 13:57:44 [INFO] [map[_id:ObjectIdHex("57c3e540d3376e534e10d15e") log:2016-08-29 15:30:21.568 INFO  start4 ctime:1472484621 day:20160829 hour:15]]
D:/GOPATH/src/logd_web/app/service/logquery/logquery.go:36
2016/08/31 13:57:58 [INFO] start
D:/GOPATH/src/logd_web/app/service/logquery/logquery.go:21
2016/08/31 13:57:58 [INFO] [map[hour:15 _id:ObjectIdHex("57c3e540d3376e534e10d15e") log:2016-08-29 15:30:21.568 INFO  start4 ctime:1472484621 day:20160829]]
D:/GOPATH/src/logd_web/app/service/logquery/logquery.go:36
2016/08/31 13:58:18 [INFO] server started at 3002
D:/GOPATH/src/logd_web/main.go:40
2016/08/31 13:58:25 [INFO] start
D:/GOPATH/src/logd_web/app/service/logquery/logquery.go:21
2016/08/31 13:59:39 [INFO] server started at 3002
D:/GOPATH/src/logd_web/main.go:40
2016/08/31 13:59:43 [INFO] start
D:/GOPATH/src/logd_web/app/service/logquery/logquery.go:21
2016/08/31 14:00:50 [INFO] server started at 3002
D:/GOPATH/src/logd_web/main.go:40
2016/08/31 14:01:02 [INFO] start
D:/GOPATH/src/logd_web/app/service/logquery/logquery.go:21
2016/08/31 14:01:21 [INFO] [map[ctime:1472484621 day:20160829 hour:15 _id:ObjectIdHex("57c3e540d3376e534e10d15e") log:2016-08-29 15:30:21.568 INFO  start4]]
D:/GOPATH/src/logd_web/app/service/logquery/logquery.go:37
2016/08/31 14:08:09 [INFO] start
D:/GOPATH/src/logd_web/app/service/logquery/logquery.go:21
2016/08/31 14:08:11 [INFO] [map[_id:ObjectIdHex("57c3e540d3376e534e10d15e") log:2016-08-29 15:30:21.568 INFO  start4 ctime:1472484621 day:20160829 hour:15] map[_id:ObjectIdHex("57c3e540d3376e534e10d15d") ctime:1472484620 day:20160829 hour:15 log:2016-08-29 15:30:20.568 INFO  start3] map[_id:ObjectIdHex("57c3e53fd3376e534e10d15c") ctime:1472484020 day:20160829 hour:15 log:2016-08-29 15:20:20.568 INFO  start2] map[_id:ObjectIdHex("57c3e53fd3376e534e10d15b") ctime:1472483420 day:20160829 hour:15 log:2016-08-29 15:10:20.568 INFO  start]]
D:/GOPATH/src/logd_web/app/service/logquery/logquery.go:37
2016/08/31 14:08:53 [INFO] start
D:/GOPATH/src/logd_web/app/service/logquery/logquery.go:21
2016/08/31 14:08:58 [INFO] []
D:/GOPATH/src/logd_web/app/service/logquery/logquery.go:37
2016/08/31 14:09:25 [INFO] start
D:/GOPATH/src/logd_web/app/service/logquery/logquery.go:21
2016/08/31 14:09:25 [INFO] [map[ctime:1472484621 day:20160829 hour:15 _id:ObjectIdHex("57c3e540d3376e534e10d15e") log:2016-08-29 15:30:21.568 INFO  start4]]
D:/GOPATH/src/logd_web/app/service/logquery/logquery.go:37
2016/08/31 14:09:40 [INFO] start
D:/GOPATH/src/logd_web/app/service/logquery/logquery.go:21
2016/08/31 14:09:40 [INFO] [map[hour:15 _id:ObjectIdHex("57c3e540d3376e534e10d15e") log:2016-08-29 15:30:21.568 INFO  start4 ctime:1472484621 day:20160829]]
D:/GOPATH/src/logd_web/app/service/logquery/logquery.go:37
2016/08/31 14:09:53 [INFO] start
D:/GOPATH/src/logd_web/app/service/logquery/logquery.go:21
2016/08/31 14:09:53 [INFO] [map[_id:ObjectIdHex("57c3e540d3376e534e10d15e") log:2016-08-29 15:30:21.568 INFO  start4 ctime:1472484621 day:20160829 hour:15]]
D:/GOPATH/src/logd_web/app/service/logquery/logquery.go:37
2016/08/31 14:10:04 [INFO] start
D:/GOPATH/src/logd_web/app/service/logquery/logquery.go:21
2016/08/31 14:10:04 [INFO] [map[hour:15 _id:ObjectIdHex("57c3e540d3376e534e10d15e") log:2016-08-29 15:30:21.568 INFO  start4 ctime:1472484621 day:20160829]]
D:/GOPATH/src/logd_web/app/service/logquery/logquery.go:37
2016/08/31 14:10:28 [INFO] start
D:/GOPATH/src/logd_web/app/service/logquery/logquery.go:21
2016/08/31 14:10:28 [INFO] []
D:/GOPATH/src/logd_web/app/service/logquery/logquery.go:37
2016/08/31 14:10:39 [INFO] start
D:/GOPATH/src/logd_web/app/service/logquery/logquery.go:21
2016/08/31 14:10:39 [INFO] [map[_id:ObjectIdHex("57c3e540d3376e534e10d15e") log:2016-08-29 15:30:21.568 INFO  start4 ctime:1472484621 day:20160829 hour:15]]
D:/GOPATH/src/logd_web/app/service/logquery/logquery.go:37
2016/08/31 14:35:28 [INFO] start
D:/GOPATH/src/logd_web/app/service/logquery/logquery.go:21
2016/08/31 14:35:28 [INFO] [map[_id:ObjectIdHex("57c3e540d3376e534e10d15e") log:2016-08-29 15:30:21.568 INFO  start4 ctime:1472484621 day:20160829 hour:15] map[_id:ObjectIdHex("57c3e540d3376e534e10d15d") ctime:1472484620 day:20160829 hour:15 log:2016-08-29 15:30:20.568 INFO  start3] map[_id:ObjectIdHex("57c3e53fd3376e534e10d15b") ctime:1472483420 day:20160829 hour:15 log:2016-08-29 15:10:20.568 INFO  start]]
D:/GOPATH/src/logd_web/app/service/logquery/logquery.go:37
2016/08/31 17:38:11 [INFO] server started at 3002
D:/GOPATH/src/logd_web/main.go:40
2016/08/31 17:38:41 [INFO] start
D:/GOPATH/src/logd_web/app/service/logquery/logquery.go:21
2016/08/31 17:38:55 [INFO] []
D:/GOPATH/src/logd_web/app/service/logquery/logquery.go:37
2016/08/31 17:44:32 [INFO] server started at 3002
D:/GOPATH/src/logd_web/main.go:40
2016/08/31 17:44:48 [INFO] start
D:/GOPATH/src/logd_web/app/service/logquery/logquery.go:21
2016/08/31 17:44:54 [INFO] [map[_id:ObjectIdHex("57c3e540d3376e534e10d15e") log:2016-08-29 15:30:21.568 INFO  start4 ctime:1472484621 day:20160829 hour:15] map[day:20160829 hour:15 log:2016-08-29 15:30:20.568 INFO  start3 _id:ObjectIdHex("57c3e540d3376e534e10d15d") ctime:1472484620] map[hour:15 log:2016-08-29 15:20:20.568 INFO  start2 _id:ObjectIdHex("57c3e53fd3376e534e10d15c") ctime:1472484020 day:20160829] map[_id:ObjectIdHex("57c3e53fd3376e534e10d15b") ctime:1472483420 day:20160829 hour:15 log:2016-08-29 15:10:20.568 INFO  start]]
D:/GOPATH/src/logd_web/app/service/logquery/logquery.go:43
2016/08/31 18:01:41 [INFO] server started at 3002
D:/GOPATH/src/logd_web/main.go:40
2016/08/31 18:01:45 [INFO] start
D:/GOPATH/src/logd_web/app/service/logquery/logquery.go:22
2016/08/31 18:01:45 [INFO] {1000 ok 0xc04217adb0}
D:/GOPATH/src/logd_web/app/service/logquery/logquery.go:60
2016/09/01 09:09:44 [INFO] server started at 3002
D:/GOPATH/src/logd_web/main.go:40
2016/09/01 09:11:30 [INFO] start
D:/GOPATH/src/logd_web/app/service/logquery/logquery.go:22
2016/09/01 09:11:30 [INFO] {1000 ok 0xc042004c30}
D:/GOPATH/src/logd_web/app/service/logquery/logquery.go:60
2016/09/01 09:15:29 [INFO] server started at 3002
D:/GOPATH/src/logd_web/main.go:40
2016/09/01 09:15:36 [INFO] start
D:/GOPATH/src/logd_web/app/service/logquery/logquery.go:22
2016/09/01 09:15:36 [INFO] {1000 ok 0xc0421a25d0}
D:/GOPATH/src/logd_web/app/service/logquery/logquery.go:60
2016/09/01 09:15:43 [INFO] start
D:/GOPATH/src/logd_web/app/service/logquery/logquery.go:22
2016/09/01 09:15:43 [INFO] {1000 ok 0xc042004780}
D:/GOPATH/src/logd_web/app/service/logquery/logquery.go:60
2016/09/01 09:15:53 [INFO] start
D:/GOPATH/src/logd_web/app/service/logquery/logquery.go:22
2016/09/01 09:15:53 [INFO] {1000 ok 0xc0421a30b0}
D:/GOPATH/src/logd_web/app/service/logquery/logquery.go:60
2016/09/01 09:15:59 [INFO] start
D:/GOPATH/src/logd_web/app/service/logquery/logquery.go:22
2016/09/01 09:15:59 [INFO] {1000 ok 0xc042174b10}
D:/GOPATH/src/logd_web/app/service/logquery/logquery.go:60
2016/09/01 09:16:59 [INFO] start
D:/GOPATH/src/logd_web/app/service/logquery/logquery.go:22
2016/09/01 09:16:59 [INFO] {1000 ok 0xc0423682d0}
D:/GOPATH/src/logd_web/app/service/logquery/logquery.go:60
2016/09/01 09:17:14 [INFO] start
D:/GOPATH/src/logd_web/app/service/logquery/logquery.go:22
2016/09/01 09:17:14 [INFO] {1000 ok 0xc042091560}
D:/GOPATH/src/logd_web/app/service/logquery/logquery.go:60
2016/09/01 09:17:38 [INFO] start
D:/GOPATH/src/logd_web/app/service/logquery/logquery.go:22
2016/09/01 09:17:38 [INFO] {1000 ok 0xc042168390}
D:/GOPATH/src/logd_web/app/service/logquery/logquery.go:60
2016/09/01 09:17:41 [INFO] start
D:/GOPATH/src/logd_web/app/service/logquery/logquery.go:22
2016/09/01 09:17:41 [INFO] {1000 ok 0xc042168a50}
D:/GOPATH/src/logd_web/app/service/logquery/logquery.go:60
2016/09/01 09:17:47 [INFO] start
D:/GOPATH/src/logd_web/app/service/logquery/logquery.go:22
2016/09/01 09:17:47 [INFO] {1000 ok 0xc0423683c0}
D:/GOPATH/src/logd_web/app/service/logquery/logquery.go:60
2016/09/01 09:17:59 [INFO] start
D:/GOPATH/src/logd_web/app/service/logquery/logquery.go:22
2016/09/01 09:17:59 [INFO] {1000 ok 0xc0421690e0}
D:/GOPATH/src/logd_web/app/service/logquery/logquery.go:60
2016/09/01 09:18:10 [INFO] start
D:/GOPATH/src/logd_web/app/service/logquery/logquery.go:22
2016/09/01 09:18:10 [INFO] {1000 ok 0xc042169560}
D:/GOPATH/src/logd_web/app/service/logquery/logquery.go:60
2016/09/01 09:18:22 [INFO] start
D:/GOPATH/src/logd_web/app/service/logquery/logquery.go:22
2016/09/01 09:18:22 [INFO] {1000 ok 0xc042169aa0}
D:/GOPATH/src/logd_web/app/service/logquery/logquery.go:60
2016/09/01 09:18:59 [INFO] server started at 3002
D:/GOPATH/src/logd_web/main.go:40
2016/09/01 09:19:48 [INFO] start
D:/GOPATH/src/logd_web/app/service/logquery/logquery.go:22
2016/09/01 09:31:55 [INFO] server started at 3002
D:/GOPATH/src/logd_web/main.go:40
2016/09/01 09:31:58 [INFO] start
D:/GOPATH/src/logd_web/app/service/logquery/logquery.go:22
2016/09/01 10:05:04 [INFO] server started at 3002
D:/GOPATH/src/logd_web/main.go:40
2016/09/01 10:05:44 [INFO] start
D:/GOPATH/src/logd_web/app/service/logquery/logquery.go:23
2016/09/01 10:05:44 [ERROR] Key: 'SearchData.EndDate' Error:Field validation for 'EndDate' failed on the 'gt' tag
D:/GOPATH/src/logd_web/app/service/logquery/logquery.go:34
2016/09/01 10:07:45 [INFO] server started at 3002
D:/GOPATH/src/logd_web/main.go:40
2016/09/01 10:07:49 [INFO] start
D:/GOPATH/src/logd_web/app/service/logquery/logquery.go:23
2016/09/01 10:08:15 [INFO] server started at 3002
D:/GOPATH/src/logd_web/main.go:40
2016/09/01 10:08:18 [INFO] start
D:/GOPATH/src/logd_web/app/service/logquery/logquery.go:23
2016/09/01 10:08:49 [INFO] server started at 3002
D:/GOPATH/src/logd_web/main.go:40
2016/09/01 10:08:54 [INFO] server started at 3002
D:/GOPATH/src/logd_web/main.go:40
2016/09/01 10:09:04 [INFO] start
D:/GOPATH/src/logd_web/app/service/logquery/logquery.go:23
2016/09/01 10:10:35 [INFO] server started at 3002
D:/GOPATH/src/logd_web/main.go:40
2016/09/01 10:10:38 [INFO] start
D:/GOPATH/src/logd_web/app/service/logquery/logquery.go:23
2016/09/01 10:10:38 [ERROR] Key: 'SearchData.EndDate' Error:Field validation for 'EndDate' failed on the 'gte' tag
D:/GOPATH/src/logd_web/app/service/logquery/logquery.go:34
2016/09/01 10:11:11 [INFO] server started at 3002
D:/GOPATH/src/logd_web/main.go:40
2016/09/01 10:11:14 [INFO] start
D:/GOPATH/src/logd_web/app/service/logquery/logquery.go:23
2016/09/01 10:11:20 [INFO] {1000 ok 0xc042224570}
D:/GOPATH/src/logd_web/app/service/logquery/logquery.go:69
2016/09/01 10:12:17 [INFO] server started at 3002
D:/GOPATH/src/logd_web/main.go:40
2016/09/01 10:12:25 [INFO] start
D:/GOPATH/src/logd_web/app/service/logquery/logquery.go:23
2016/09/01 10:12:29 [INFO] {1000 ok 0xc042222a50}
D:/GOPATH/src/logd_web/app/service/logquery/logquery.go:69
2016/09/01 10:25:13 [INFO] server started at 3002
D:/GOPATH/src/logd_web/main.go:40
2016/09/01 10:25:18 [INFO] start
D:/GOPATH/src/logd_web/app/service/logquery/logquery.go:23
2016/09/01 10:25:18 [INFO] {1000 ok 0xc04224a450}
D:/GOPATH/src/logd_web/app/service/logquery/logquery.go:69
2016/09/01 10:25:23 [INFO] start
D:/GOPATH/src/logd_web/app/service/logquery/logquery.go:23
2016/09/01 10:25:23 [ERROR] Key: 'SearchData.EndDate' Error:Field validation for 'EndDate' failed on the 'gte' tag
D:/GOPATH/src/logd_web/app/service/logquery/logquery.go:34
2016/09/01 10:25:28 [INFO] start
D:/GOPATH/src/logd_web/app/service/logquery/logquery.go:23
2016/09/01 10:25:28 [INFO] {1000 ok 0xc04223a4e0}
D:/GOPATH/src/logd_web/app/service/logquery/logquery.go:69
2016/09/19 13:35:12 [ERROR] init mongodb session error:no reachable servers
D:/GOPATH/src/logd_web/comm/utils/mongodb.go:59
2016/09/19 13:35:12 [ERROR] init mongodb session failed
D:/GOPATH/src/logd_web/comm/utils/mongodb.go:42
2016/10/07 10:57:41 [ERROR] init mongodb session error:no reachable servers
D:/GOPATH/src/logd_web/comm/utils/mongodb.go:59
2016/10/07 10:57:41 [ERROR] init mongodb session failed
D:/GOPATH/src/logd_web/comm/utils/mongodb.go:42
2016/10/07 14:55:23 [INFO] server starting
D:/GOPATH/src/logd_web/main.go:36
2016/10/07 14:57:10 [INFO] server starting
D:/GOPATH/src/logd_web/main.go:36
2016/10/07 14:57:20 [INFO] query test
D:/GOPATH/src/logd_web/app/service/estate/building/buildingCtrl.go:17
2016/10/07 14:59:52 [INFO] server starting
D:/GOPATH/src/logd_web/main.go:36
2016/10/07 14:59:59 [INFO] query test
D:/GOPATH/src/logd_web/app/service/estate/building/buildingCtrl.go:17
2016/10/07 15:01:55 [INFO] server starting
D:/GOPATH/src/logd_web/main.go:36
2016/10/07 15:02:04 [INFO] query test
D:/GOPATH/src/logd_web/app/service/estate/building/buildingCtrl.go:17
2016/10/07 15:04:45 [INFO] server starting
D:/GOPATH/src/logd_web/main.go:36
2016/10/07 15:04:51 [INFO] query test
D:/GOPATH/src/logd_web/app/service/estate/building/buildingCtrl.go:17
2016/10/07 15:08:19 [INFO] server starting
D:/GOPATH/src/logd_web/main.go:36
2016/10/07 15:08:33 [INFO] query test
D:/GOPATH/src/logd_web/app/service/estate/building/buildingCtrl.go:17
2016/10/07 15:09:34 [INFO] server starting
D:/GOPATH/src/logd_web/main.go:36
2016/10/07 15:51:26 [INFO] server starting
    D:/GOPATH/src/logd_web/main.go:36
2016/10/07 15:51:33 [INFO] query test
    D:/GOPATH/src/logd_web/app/service/estate/building/buildingCtrl.go:17
